<?xml version="1.0" encoding="UTF-8"?>
<testsuite name="TestWallet" tests="4" skipped="0" failures="0" errors="0" timestamp="2023-05-15T07:29:08" hostname="DESKTOP-98FJCKR" time="17.493">
  <properties/>
  <testcase name="deterministicAddresses_generateAddress()" classname="TestWallet" time="6.803"/>
  <testcase name="deterministicAddresses_generateForwardAddressesReloadConfig()" classname="TestWallet" time="0.794"/>
  <testcase name="deterministicAddresses_fromMnemonic()" classname="TestWallet" time="4.626"/>
  <testcase name="deterministicAddresses_generateForwardAddresses()" classname="TestWallet" time="5.268"/>
  <system-out><![CDATA[]]></system-out>
  <system-err><![CDATA[]]></system-err>
</testsuite>
